<?xml version="1.0" encoding="UTF-8"?>
<!-- Generated by org.testng.reporters.JUnitReportReporter -->
<testsuite hostname="UziMac.local" name="com.qmetry.qaf.automation.step.client.DataDrivenScenario" tests="2" failures="0" timestamp="20 Oct 2016 18:21:34 GMT" time="73.691" errors="0">
  <testcase name="Search Keyword" time="14.336" classname="com.qmetry.qaf.automation.step.client.DataDrivenScenario"/>
  <testcase name="Search Keyword" time="59.355" classname="com.qmetry.qaf.automation.step.client.DataDrivenScenario"/>
</testsuite> <!-- com.qmetry.qaf.automation.step.client.DataDrivenScenario -->
