<?xml version="1.0" encoding="UTF-8"?>
<!-- Generated by org.testng.reporters.JUnitReportReporter -->
<testsuite hostname="UziMac.local" name="com.qmetry.qaf.automation.step.client.Scenario" tests="4" failures="0" timestamp="20 Oct 2016 18:21:34 GMT" time="149.236" errors="1">
  <testcase name="SampleTest" time="48.492" classname="com.qmetry.qaf.automation.step.client.Scenario"/>
  <testcase name="SampleTest" time="24.853" classname="com.qmetry.qaf.automation.step.client.Scenario"/>
  <testcase name="Search QMetry with results" time="34.125" classname="com.qmetry.qaf.automation.step.client.Scenario"/>
  <testcase name="Search QMetry" time="41.766" classname="com.qmetry.qaf.automation.step.client.Scenario">
    <error type="org.openqa.selenium.WebDriverException" message="Failed to execute command webpage.element find: findElements command failed. Reason: handset server: timeout expired.
Command duration or timeout: 30.52 seconds
Build info: version: &#039;2.53.0&#039;, revision: &#039;35ae25b1534ae328c771e0856c93e187490ca824&#039;, time: &#039;2016-03-15 10:43:46&#039;
System info: host: &#039;UziMac.local&#039;, ip: &#039;172.21.31.20&#039;, os.name: &#039;Mac OS X&#039;, os.arch: &#039;x86_64&#039;, os.version: &#039;10.11.1&#039;, java.version: &#039;1.8.0_45&#039;
Driver info: com.qmetry.qaf.automation.ui.webdriver.QAFExtendedWebDriver
Capabilities [{rotatable=true, testGridReportUrl=https://beta.reporting-01.perfectomobile.com?externalId[0]=uzie@perfectomobile.com_RemoteWebDriver_16-10-20_18_19_29_5113, entityType=remote_web_driver, serverConnector=, deviceName=18023FA6, platform=ANY, executionId=uzie@perfectomobile.com_RemoteWebDriver_16-10-20_18_19_29_5113, password=, webdriver.remote.sessionid=e97ed2b4-e0d7-42dc-bb39-ca388656cee3, automationName=Appium, host=beta.perfectomobile.com, singleTestReportUrl=https://beta.perfectomobile.com/nexperience/singletest/report/?reportRepositoryKey=PRIVATE:RemoteWebDriver/161020/RemoteWebDriver_16-10-20_18_19_29_5113.xml&amp;ownerId=uzie@perfectomobile.com&amp;sharingCode=a78b077b-b970-45ea-95ab-e4b991cbe82c, locationContextEnabled=true, takesScreenshot=true, browserName=MobileOS, scriptName=RemoteWebDriver, javascriptEnabled=true, reportKey=PRIVATE:RemoteWebDriver/161020/RemoteWebDriver_16-10-20_18_19_29_5113.xml, windTunnelReportUrl=https://beta.perfectomobile.com/nexperience/singletest/report/?reportRepositoryKey=PRIVATE:RemoteWebDriver/161020/RemoteWebDriver_16-10-20_18_19_29_5113.xml&amp;ownerId=uzie@perfectomobile.com&amp;sharingCode=a78b077b-b970-45ea-95ab-e4b991cbe82c, user=, cssSelectorsEnabled=true}]
Session ID: e97ed2b4-e0d7-42dc-bb39-ca388656cee3
*** Element info: {Using=name, value=q}">
      <![CDATA[org.openqa.selenium.WebDriverException: Failed to execute command webpage.element find: findElements command failed. Reason: handset server: timeout expired.
Command duration or timeout: 30.52 seconds
Build info: version: '2.53.0', revision: '35ae25b1534ae328c771e0856c93e187490ca824', time: '2016-03-15 10:43:46'
System info: host: 'UziMac.local', ip: '172.21.31.20', os.name: 'Mac OS X', os.arch: 'x86_64', os.version: '10.11.1', java.version: '1.8.0_45'
Driver info: com.qmetry.qaf.automation.ui.webdriver.QAFExtendedWebDriver
Capabilities [{rotatable=true, testGridReportUrl=https://beta.reporting-01.perfectomobile.com?externalId[0]=uzie@perfectomobile.com_RemoteWebDriver_16-10-20_18_19_29_5113, entityType=remote_web_driver, serverConnector=, deviceName=18023FA6, platform=ANY, executionId=uzie@perfectomobile.com_RemoteWebDriver_16-10-20_18_19_29_5113, password=, webdriver.remote.sessionid=e97ed2b4-e0d7-42dc-bb39-ca388656cee3, automationName=Appium, host=beta.perfectomobile.com, singleTestReportUrl=https://beta.perfectomobile.com/nexperience/singletest/report/?reportRepositoryKey=PRIVATE:RemoteWebDriver/161020/RemoteWebDriver_16-10-20_18_19_29_5113.xml&ownerId=uzie@perfectomobile.com&sharingCode=a78b077b-b970-45ea-95ab-e4b991cbe82c, locationContextEnabled=true, takesScreenshot=true, browserName=MobileOS, scriptName=RemoteWebDriver, javascriptEnabled=true, reportKey=PRIVATE:RemoteWebDriver/161020/RemoteWebDriver_16-10-20_18_19_29_5113.xml, windTunnelReportUrl=https://beta.perfectomobile.com/nexperience/singletest/report/?reportRepositoryKey=PRIVATE:RemoteWebDriver/161020/RemoteWebDriver_16-10-20_18_19_29_5113.xml&ownerId=uzie@perfectomobile.com&sharingCode=a78b077b-b970-45ea-95ab-e4b991cbe82c, user=, cssSelectorsEnabled=true}]
Session ID: e97ed2b4-e0d7-42dc-bb39-ca388656cee3
*** Element info: {Using=name, value=q}
	at .When I search for "git qmetry"(scenarios/goolge.feature:6)
	at org.openqa.selenium.remote.ErrorHandler.createThrowable(ErrorHandler.java:206)
	at org.openqa.selenium.remote.ErrorHandler.throwIfResponseFailed(ErrorHandler.java:158)
	at org.openqa.selenium.remote.RemoteWebDriver.execute(RemoteWebDriver.java:678)
	at com.qmetry.qaf.automation.ui.webdriver.QAFExtendedWebDriver.execute(QAFExtendedWebDriver.java:223)
	at org.openqa.selenium.remote.RemoteWebDriver.findElement(RemoteWebDriver.java:363)
	at org.openqa.selenium.remote.RemoteWebDriver.findElementByName(RemoteWebDriver.java:461)
	at com.qmetry.qaf.automation.ui.webdriver.QAFExtendedWebDriver.findElementByName(QAFExtendedWebDriver.java:370)
	at com.qmetry.qaf.automation.ui.webdriver.QAFExtendedWebDriver.findElementByName(QAFExtendedWebDriver.java:1)
	at org.openqa.selenium.By$ByName.findElement(By.java:303)
	at org.openqa.selenium.remote.RemoteWebDriver.findElement(RemoteWebDriver.java:355)
	at com.qmetry.qaf.automation.ui.webdriver.QAFExtendedWebDriver.findElement(QAFExtendedWebDriver.java:158)
	at com.qmetry.qaf.automation.ui.webdriver.QAFExtendedWebDriver.findElement(QAFExtendedWebDriver.java:1)
	at org.openqa.selenium.support.ui.ExpectedConditions.findElement(ExpectedConditions.java:899)
	at org.openqa.selenium.support.ui.ExpectedConditions.access$000(ExpectedConditions.java:41)
	at org.openqa.selenium.support.ui.ExpectedConditions$6.apply(ExpectedConditions.java:181)
	at org.openqa.selenium.support.ui.ExpectedConditions$6.apply(ExpectedConditions.java:178)
	at org.openqa.selenium.support.ui.FluentWait.until(FluentWait.java:238)
	at com.qmetry.qaf.automation.ui.webdriver.QAFExtendedWebDriver.load(QAFExtendedWebDriver.java:203)
	at com.qmetry.qaf.automation.ui.webdriver.QAFExtendedWebElement.load(QAFExtendedWebElement.java:253)
	at com.qmetry.qaf.automation.ui.webdriver.QAFExtendedWebElement.execute(QAFExtendedWebElement.java:208)
	at org.openqa.selenium.remote.RemoteWebElement.clear(RemoteWebElement.java:140)
	at com.qmetry.qaf.examples.steps.cucumber.GoogleStepDefs.I_search_for(GoogleStepDefs.java:24)
	at com.qmetry.qaf.automation.step.JavaStep.doExecute(JavaStep.java:149)
	at com.qmetry.qaf.automation.step.BaseTestStep.execute(BaseTestStep.java:148)
	at com.qmetry.qaf.automation.step.StringTestStep.execute(StringTestStep.java:130)
	at com.qmetry.qaf.automation.step.client.Scenario.execute(Scenario.java:148)
	at com.qmetry.qaf.automation.step.client.Scenario.scenario(Scenario.java:196)
	at java.util.concurrent.ThreadPoolExecutor.runWorker(ThreadPoolExecutor.java:1142)
	at java.util.concurrent.ThreadPoolExecutor$Worker.run(ThreadPoolExecutor.java:617)
	at java.lang.Thread.run(Thread.java:745)
Caused by: org.openqa.selenium.remote.ScreenshotException: Screen shot has been taken
Build info: version: '2.53.0', revision: '35ae25b1534ae328c771e0856c93e187490ca824', time: '2016-03-15 10:43:46'
System info: host: 'UziMac.local', ip: '172.21.31.20', os.name: 'Mac OS X', os.arch: 'x86_64', os.version: '10.11.1', java.version: '1.8.0_45'
Driver info: driver.version: QAFExtendedWebDriver
	at org.openqa.selenium.remote.ErrorHandler.throwIfResponseFailed(ErrorHandler.java:138)
	at org.openqa.selenium.remote.RemoteWebDriver.execute(RemoteWebDriver.java:678)
	at com.qmetry.qaf.automation.ui.webdriver.QAFExtendedWebDriver.execute(QAFExtendedWebDriver.java:223)
	at org.openqa.selenium.remote.RemoteWebDriver.findElement(RemoteWebDriver.java:363)
	at org.openqa.selenium.remote.RemoteWebDriver.findElementByName(RemoteWebDriver.java:461)
	at com.qmetry.qaf.automation.ui.webdriver.QAFExtendedWebDriver.findElementByName(QAFExtendedWebDriver.java:370)
	at com.qmetry.qaf.automation.ui.webdriver.QAFExtendedWebDriver.findElementByName(QAFExtendedWebDriver.java:1)
	at org.openqa.selenium.By$ByName.findElement(By.java:303)
	at org.openqa.selenium.remote.RemoteWebDriver.findElement(RemoteWebDriver.java:355)
	at com.qmetry.qaf.automation.ui.webdriver.QAFExtendedWebDriver.findElement(QAFExtendedWebDriver.java:158)
	at com.qmetry.qaf.automation.ui.webdriver.QAFExtendedWebDriver.findElement(QAFExtendedWebDriver.java:1)
	at org.openqa.selenium.support.ui.ExpectedConditions.findElement(ExpectedConditions.java:899)
	at org.openqa.selenium.support.ui.ExpectedConditions.access$000(ExpectedConditions.java:41)
	at org.openqa.selenium.support.ui.ExpectedConditions$6.apply(ExpectedConditions.java:181)
	at org.openqa.selenium.support.ui.ExpectedConditions$6.apply(ExpectedConditions.java:178)
	at org.openqa.selenium.support.ui.FluentWait.until(FluentWait.java:238)
	at com.qmetry.qaf.automation.ui.webdriver.QAFExtendedWebDriver.load(QAFExtendedWebDriver.java:203)
	at com.qmetry.qaf.automation.ui.webdriver.QAFExtendedWebElement.load(QAFExtendedWebElement.java:253)
	at com.qmetry.qaf.automation.ui.webdriver.QAFExtendedWebElement.execute(QAFExtendedWebElement.java:208)
	at org.openqa.selenium.remote.RemoteWebElement.clear(RemoteWebElement.java:140)
	at com.qmetry.qaf.examples.steps.cucumber.GoogleStepDefs.I_search_for(GoogleStepDefs.java:24)
	at sun.reflect.NativeMethodAccessorImpl.invoke0(Native Method)
	at sun.reflect.NativeMethodAccessorImpl.invoke(NativeMethodAccessorImpl.java:62)
	at sun.reflect.DelegatingMethodAccessorImpl.invoke(DelegatingMethodAccessorImpl.java:43)
	at java.lang.reflect.Method.invoke(Method.java:497)
	at com.qmetry.qaf.automation.step.JavaStep.doExecute(JavaStep.java:149)
	at com.qmetry.qaf.automation.step.BaseTestStep.execute(BaseTestStep.java:148)
	at com.qmetry.qaf.automation.step.StringTestStep.execute(StringTestStep.java:130)
	at com.qmetry.qaf.automation.step.client.Scenario.execute(Scenario.java:148)
	at com.qmetry.qaf.automation.step.client.Scenario.scenario(Scenario.java:196)
	at sun.reflect.NativeMethodAccessorImpl.invoke0(Native Method)
	at sun.reflect.NativeMethodAccessorImpl.invoke(NativeMethodAccessorImpl.java:62)
	at sun.reflect.DelegatingMethodAccessorImpl.invoke(DelegatingMethodAccessorImpl.java:43)
	at java.lang.reflect.Method.invoke(Method.java:497)
	at org.testng.internal.MethodInvocationHelper.invokeMethod(MethodInvocationHelper.java:86)
	at org.testng.internal.Invoker.invokeMethod(Invoker.java:643)
	at org.testng.internal.Invoker.invokeTestMethod(Invoker.java:820)
	at org.testng.internal.Invoker.invokeTestMethods(Invoker.java:1128)
	at org.testng.internal.TestMethodWorker.invokeTestMethods(TestMethodWorker.java:129)
	at org.testng.internal.TestMethodWorker.run(TestMethodWorker.java:112)
	... 3 more
Caused by: java.lang.RuntimeException: Failed to execute command webpage.element find: findElements command failed. Reason: handset server: timeout expired.
	at com.perfectomobile.selenium.MobileEntity.processCommonResponse(MobileEntity.java:98)
	at com.perfectomobile.selenium.MobileDevice.processResponse(MobileDevice.java:510)
	at com.perfectomobile.selenium.MobileApplication.processResponse(MobileApplication.java:54)
	at com.perfectomobile.selenium.dom.MobileDOMApplication.processResponse(MobileDOMApplication.java:463)
	at com.perfectomobile.selenium.MobileEntity.executeCommand(MobileEntity.java:57)
	at com.perfectomobile.selenium.MobileEntity.executeCommand(MobileEntity.java:50)
	at com.perfectomobile.selenium.MobileApplication.findElementsImpl(MobileApplication.java:290)
	at com.perfectomobile.selenium.dom.MobileDOMApplication.findElementsImpl(MobileDOMApplication.java:485)
	at com.perfectomobile.selenium.MobileApplication.findElementsImpl(MobileApplication.java:270)
	at com.perfectomobile.selenium.MobileApplication.findElementsByName(MobileApplication.java:184)
	at com.perfectomobile.selenium.MobileApplication.findElementByName(MobileApplication.java:177)
	at org.openqa.selenium.By$ByName.findElement(By.java:303)
	at com.perfectomobile.selenium.MobileApplication.findElement(MobileApplication.java:150)
	at com.perfectomobile.selenium.server.PerfectoMobileDriver.findElement(PerfectoMobileDriver.java:612)
	at sun.reflect.GeneratedMethodAccessor1180.invoke(Unknown Source)
	at sun.reflect.DelegatingMethodAccessorImpl.invoke(DelegatingMethodAccessorImpl.java:43)
	at java.lang.reflect.Method.invoke(Method.java:498)
	at org.openqa.selenium.support.events.EventFiringWebDriver$2.invoke(EventFiringWebDriver.java:102)
	at com.sun.proxy.$Proxy279.findElement(Unknown Source)
	at org.openqa.selenium.support.events.EventFiringWebDriver.findElement(EventFiringWebDriver.java:187)
	at org.openqa.selenium.remote.server.handler.FindElement.call(FindElement.java:48)
	at org.openqa.selenium.remote.server.handler.FindElement.call(FindElement.java:33)
	at java.util.concurrent.FutureTask.run(FutureTask.java:266)
	at org.openqa.selenium.remote.server.MobileDefaultSession$1.run(MobileDefaultSession.java:182)
	... 3 more
]]>
    </error>
  </testcase> <!-- Search QMetry -->
</testsuite> <!-- com.qmetry.qaf.automation.step.client.Scenario -->
