<?xml version="1.0" encoding="UTF-8"?>
<!-- Generated by org.testng.reporters.JUnitReportReporter -->
<testsuite hostname="UziMac.local" name="com.qmetry.qaf.automation.step.client.Scenario" tests="2" failures="0" timestamp="20 Oct 2016 18:56:50 GMT" time="84.795" errors="0">
  <testcase name="amtrak - find station" time="19.987" classname="com.qmetry.qaf.automation.step.client.Scenario"/>
  <testcase name="amtrak - buy ticket" time="64.808" classname="com.qmetry.qaf.automation.step.client.Scenario"/>
</testsuite> <!-- com.qmetry.qaf.automation.step.client.Scenario -->
